1827.1 1330.9 280.3
1827.1 1250.0 361.2
1827.1 1168.1 443.1
1827.1 1093.1 518.1
1827.1 1017.6 593.6
1827.1 934.2 676.9
1827.1 852.2 759.0
1827.1 772.8 838.4
1827.1 692.9 918.2
1827.1 607.0 1004.2
1827.1 528.4 1082.8
1827.1 446.7 1164.4
1827.1 365.1 1246.0
1827.1 281.9 1329.3
1827.1 202.6 1408.6
1827.1 115.4 1495.8
1827.1 72.1 1579.2
1827.1 76.7 1711.2
1827.1 80.7 1678.3
1827.1 71.8 1681.7
1827.1 80.7 1693.0
1827.1 66.2 1709.5
1827.1 634.3 1077.9
1827.1 550.4 1160.7
1827.1 439.1 1271.7
1827.1 334.1 1376.7
1827.1 242.5 1468.3
1827.1 172.2 1536.2
1827.1 99.6 1608.8
1827.1 76.3 1681.8
1827.1 66.6 1691.2
1827.1 72.2 1690.3
