820.0 602.0 218.0
820.0 602.0 218.0
820.0 602.0 218.0
820.0 602.0 218.0
820.0 602.0 218.0
820.0 602.0 218.0
820.0 602.0 218.0
820.0 602.0 218.0
820.0 602.0 218.0
820.0 602.0 218.0
820.0 602.0 218.0
820.0 602.0 218.0
820.0 602.0 218.0
820.0 602.0 218.0
820.0 602.0 218.0
820.0 602.0 218.0
820.0 602.0 218.0
820.0 586.0 234.0
820.0 390.0 430.0
820.0 222.3 597.7
820.0 118.8 701.2
820.0 0.0 820.0
820.0 274.7 545.3
820.0 274.7 545.3
820.0 274.7 545.3
820.0 274.7 545.2
820.0 275.0 544.9
820.0 275.7 544.3
820.0 276.6 543.4
820.0 272.3 547.7
820.0 184.4 635.6
820.0 0.0 820.0
